[LOG] System::create                           : Header version = 2.01.07. Current version = 2.01.07.
[LOG] Manager::init                            : maxchannels = 256 studioflags = 00000006 flags 00000000 extradriverdata 0000000000000000.
[LOG] SystemI::init                            : Initialize version=20107 (113487), maxchannels=256, flags=0x00020000
[LOG] SystemI::setOutputInternal               : Setting output to 'FMOD WASAPI Output'
[LOG] OutputWASAPI::init                       : Mix Format (WAVEFORMATEX): wFormatTag=0xFFFE, nChannels=2, nSamplesPerSec=48000, nAvgBytesPerSec=384000, nBlockAlign=8, wBitsPerSample=32, cbSize=22.
[LOG] OutputWASAPI::init                       : Mix Format (WAVEFORMATEXTENSIBLE): wValidBitsPerSample=32, dwChannelMask=0x00000003, SubFormat=00000003-0000-0010-8000-00AA00389B71.
[LOG] OutputWASAPI::init                       : Output buffer size: 4096 samples, latency: 0.00ms, period: 10.00ms, DSP buffer: 1024 * 4
[LOG] Thread::initThread                       : Init FMOD stream thread. Affinity: 0x8000000000000003, Priority: 0xFFFF7FFB, Stack Size: 98304, Semaphore: No, Sleep Time: 10, Looping: Yes.
[LOG] Thread::initThread                       : Init FMOD mixer thread. Affinity: 0x8000000000000001, Priority: 0xFFFF7FFA, Stack Size: 81920, Semaphore: No, Sleep Time: 0, Looping: Yes.
[LOG] AsyncManager::init                       : manager 000001B156F3D688 isAsync 0 updatePeriod 0.02
[LOG] AsyncManager::init                       : done
[LOG] PlaybackSystem::init                     : 
[LOG] Thread::initThread                       : Init FMOD Studio sample load thread. Affinity: 0x8000000000000003, Priority: 0xFFFF7FFD, Stack Size: 98304, Semaphore: No, Sleep Time: 1, Looping: No.
[LOG] PlaybackSystem::init                     : done
[LOG] Thread::initThread                       : Init FMOD Studio bank load thread. Affinity: 0x8000000000000003, Priority: 0xFFFF7FFD, Stack Size: 98304, Semaphore: No, Sleep Time: 1, Looping: No.
[LOG] Manager::init                            : done.
[LOG] Manager::readBank                        : fileversion = 135, compatVersion = 132 (oldest = 44, newest = 135)
[LOG] SystemI::createSoundInternal             : Create name='', mode=0x02000202
[LOG] SystemI::createSoundInternal             : exinfo->cbsize             = 224
[LOG] SystemI::createSoundInternal             : exinfo->length             = 2680800
[LOG] SystemI::createSoundInternal             : exinfo->fileoffset         = 19456
[LOG] SystemI::createSoundInternal             : exinfo->numsubsounds       = 1
[LOG] SystemI::createSoundInternal             : exinfo->inclusionlist      = 00000048917FF208
[LOG] SystemI::createSoundInternal             : exinfo->inclusionlistnum   = 1
[LOG] SystemI::createSoundInternal             : exinfo->suggestedsoundtype = 5
[LOG] SystemI::createSoundInternal             : exinfo->useropen           = 00007FFD169C7B10
[LOG] SystemI::createSoundInternal             : exinfo->userclose          = 00007FFD169C7AE0
[LOG] SystemI::createSoundInternal             : exinfo->userread           = 00007FFD169C7BE0
[LOG] SystemI::createSoundInternal             : exinfo->userseek           = 00007FFD169C7CA0
[LOG] SystemI::createSoundInternal             : exinfo->fileuserdata       = 000001B11800B798
[LOG] SystemI::createSoundInternal             : exinfo->initialseekpostype = 1
[LOG] SystemI::DSPCodecPoolRegister            : register codec pool for pool type 5
[LOG] SystemI::createSoundInternal             : Sample 0/1: name='first_stage', format=5, channels=2, frequency=48000, lengthbytes=28288, lengthpcm=102539, pcmblocksize=0, loopstart=0, loopend=0, mode=0x00000000, channelmask=0x00000000, channelorder=0, peakvolume=0.891296.
[LOG] Manager::readBank                        : fileversion = 135, compatVersion = 132 (oldest = 44, newest = 135)
[LOG] SystemI::createSoundInternal             : Create name='', mode=0x02000202
[LOG] SystemI::createSoundInternal             : exinfo->cbsize             = 224
[LOG] SystemI::createSoundInternal             : exinfo->length             = 2680800
[LOG] SystemI::createSoundInternal             : exinfo->fileoffset         = 19456
[LOG] SystemI::createSoundInternal             : exinfo->numsubsounds       = 1
[LOG] SystemI::createSoundInternal             : exinfo->inclusionlist      = 00000048917FF208
[LOG] SystemI::createSoundInternal             : exinfo->inclusionlistnum   = 1
[LOG] SystemI::createSoundInternal             : exinfo->suggestedsoundtype = 5
[LOG] SystemI::createSoundInternal             : exinfo->useropen           = 00007FFD169C7B10
[LOG] SystemI::createSoundInternal             : exinfo->userclose          = 00007FFD169C7AE0
[LOG] SystemI::createSoundInternal             : exinfo->userread           = 00007FFD169C7BE0
[LOG] SystemI::createSoundInternal             : exinfo->userseek           = 00007FFD169C7CA0
[LOG] SystemI::createSoundInternal             : exinfo->fileuserdata       = 000001B11800BFD8
[LOG] SystemI::createSoundInternal             : exinfo->initialseekpostype = 1
[LOG] SystemI::DSPCodecPoolRegister            : register codec pool for pool type 5
[LOG] SystemI::createSoundInternal             : Sample 0/1: name='p7', format=5, channels=2, frequency=48000, lengthbytes=5696, lengthpcm=20609, pcmblocksize=0, loopstart=0, loopend=0, mode=0x00000000, channelmask=0x00000000, channelorder=0, peakvolume=0.891357.
[LOG] SystemI::createSoundInternal             : Create name='', mode=0x02000202
[LOG] SystemI::createSoundInternal             : exinfo->cbsize             = 224
[LOG] SystemI::createSoundInternal             : exinfo->length             = 2680800
[LOG] SystemI::createSoundInternal             : exinfo->fileoffset         = 19456
[LOG] SystemI::createSoundInternal             : exinfo->numsubsounds       = 1
[LOG] SystemI::createSoundInternal             : exinfo->inclusionlist      = 00000048917FF208
[LOG] SystemI::createSoundInternal             : exinfo->inclusionlistnum   = 1
[LOG] SystemI::createSoundInternal             : exinfo->suggestedsoundtype = 5
[LOG] SystemI::createSoundInternal             : exinfo->useropen           = 00007FFD169C7B10
[LOG] SystemI::createSoundInternal             : exinfo->userclose          = 00007FFD169C7AE0
[LOG] SystemI::createSoundInternal             : exinfo->userread           = 00007FFD169C7BE0
[LOG] SystemI::createSoundInternal             : exinfo->userseek           = 00007FFD169C7CA0
[LOG] SystemI::createSoundInternal             : exinfo->fileuserdata       = 000001B11800BFD8
[LOG] SystemI::createSoundInternal             : exinfo->initialseekpostype = 1
[LOG] SystemI::DSPCodecPoolRegister            : register codec pool for pool type 5
[LOG] SystemI::createSoundInternal             : Sample 0/1: name='p4', format=5, channels=2, frequency=48000, lengthbytes=7616, lengthpcm=29039, pcmblocksize=0, loopstart=0, loopend=0, mode=0x00000000, channelmask=0x00000000, channelorder=0, peakvolume=0.800934.
[LOG] SystemI::createSoundInternal             : Create name='', mode=0x02000202
[LOG] SystemI::createSoundInternal             : exinfo->cbsize             = 224
[LOG] SystemI::createSoundInternal             : exinfo->length             = 2680800
[LOG] SystemI::createSoundInternal             : exinfo->fileoffset         = 19456
[LOG] SystemI::createSoundInternal             : exinfo->numsubsounds       = 1
[LOG] SystemI::createSoundInternal             : exinfo->inclusionlist      = 00000048917FF208
[LOG] SystemI::createSoundInternal             : exinfo->inclusionlistnum   = 1
[LOG] SystemI::createSoundInternal             : exinfo->suggestedsoundtype = 5
[LOG] SystemI::createSoundInternal             : exinfo->useropen           = 00007FFD169C7B10
[LOG] SystemI::createSoundInternal             : exinfo->userclose          = 00007FFD169C7AE0
[LOG] SystemI::createSoundInternal             : exinfo->userread           = 00007FFD169C7BE0
[LOG] SystemI::createSoundInternal             : exinfo->userseek           = 00007FFD169C7CA0
[LOG] SystemI::createSoundInternal             : exinfo->fileuserdata       = 000001B11800BFD8
[LOG] SystemI::createSoundInternal             : exinfo->initialseekpostype = 1
[LOG] SystemI::DSPCodecPoolRegister            : register codec pool for pool type 5
[LOG] SystemI::createSoundInternal             : Sample 0/1: name='p8', format=5, channels=2, frequency=48000, lengthbytes=5792, lengthpcm=21650, pcmblocksize=0, loopstart=0, loopend=0, mode=0x00000000, channelmask=0x00000000, channelorder=0, peakvolume=0.891296.
[LOG] SystemI::createSoundInternal             : Create name='', mode=0x02000202
[LOG] SystemI::createSoundInternal             : exinfo->cbsize             = 224
[LOG] SystemI::createSoundInternal             : exinfo->length             = 2680800
[LOG] SystemI::createSoundInternal             : exinfo->fileoffset         = 19456
[LOG] SystemI::createSoundInternal             : exinfo->numsubsounds       = 1
[LOG] SystemI::createSoundInternal             : exinfo->inclusionlist      = 00000048917FF208
[LOG] SystemI::createSoundInternal             : exinfo->inclusionlistnum   = 1
[LOG] SystemI::createSoundInternal             : exinfo->suggestedsoundtype = 5
[LOG] SystemI::createSoundInternal             : exinfo->useropen           = 00007FFD169C7B10
[LOG] SystemI::createSoundInternal             : exinfo->userclose          = 00007FFD169C7AE0
[LOG] SystemI::createSoundInternal             : exinfo->userread           = 00007FFD169C7BE0
[LOG] SystemI::createSoundInternal             : exinfo->userseek           = 00007FFD169C7CA0
[LOG] SystemI::createSoundInternal             : exinfo->fileuserdata       = 000001B11800BFD8
[LOG] SystemI::createSoundInternal             : exinfo->initialseekpostype = 1
[LOG] SystemI::DSPCodecPoolRegister            : register codec pool for pool type 5
[LOG] SystemI::createSoundInternal             : Sample 0/1: name='p3', format=5, channels=2, frequency=48000, lengthbytes=5376, lengthpcm=20552, pcmblocksize=0, loopstart=0, loopend=0, mode=0x00000000, channelmask=0x00000000, channelorder=0, peakvolume=0.891327.
[LOG] SystemI::createSoundInternal             : Create name='', mode=0x02000202
[LOG] SystemI::createSoundInternal             : exinfo->cbsize             = 224
[LOG] SystemI::createSoundInternal             : exinfo->length             = 2680800
[LOG] SystemI::createSoundInternal             : exinfo->fileoffset         = 19456
[LOG] SystemI::createSoundInternal             : exinfo->numsubsounds       = 1
[LOG] SystemI::createSoundInternal             : exinfo->inclusionlist      = 00000048917FF208
[LOG] SystemI::createSoundInternal             : exinfo->inclusionlistnum   = 1
[LOG] SystemI::createSoundInternal             : exinfo->suggestedsoundtype = 5
[LOG] SystemI::createSoundInternal             : exinfo->useropen           = 00007FFD169C7B10
[LOG] SystemI::createSoundInternal             : exinfo->userclose          = 00007FFD169C7AE0
[LOG] SystemI::createSoundInternal             : exinfo->userread           = 00007FFD169C7BE0
[LOG] SystemI::createSoundInternal             : exinfo->userseek           = 00007FFD169C7CA0
[LOG] SystemI::createSoundInternal             : exinfo->fileuserdata       = 000001B11800BFD8
[LOG] SystemI::createSoundInternal             : exinfo->initialseekpostype = 1
[LOG] SystemI::DSPCodecPoolRegister            : register codec pool for pool type 5
[LOG] SystemI::createSoundInternal             : Sample 0/1: name='p6', format=5, channels=2, frequency=48000, lengthbytes=5856, lengthpcm=21035, pcmblocksize=0, loopstart=0, loopend=0, mode=0x00000000, channelmask=0x00000000, channelorder=0, peakvolume=0.891266.
[LOG] SystemI::createSoundInternal             : Create name='', mode=0x02000202
[LOG] SystemI::createSoundInternal             : exinfo->cbsize             = 224
[LOG] SystemI::createSoundInternal             : exinfo->length             = 2680800
[LOG] SystemI::createSoundInternal             : exinfo->fileoffset         = 19456
[LOG] SystemI::createSoundInternal             : exinfo->numsubsounds       = 1
[LOG] SystemI::createSoundInternal             : exinfo->inclusionlist      = 00000048917FF208
[LOG] SystemI::createSoundInternal             : exinfo->inclusionlistnum   = 1
[LOG] SystemI::createSoundInternal             : exinfo->suggestedsoundtype = 5
[LOG] SystemI::createSoundInternal             : exinfo->useropen           = 00007FFD169C7B10
[LOG] SystemI::createSoundInternal             : exinfo->userclose          = 00007FFD169C7AE0
[LOG] SystemI::createSoundInternal             : exinfo->userread           = 00007FFD169C7BE0
[LOG] SystemI::createSoundInternal             : exinfo->userseek           = 00007FFD169C7CA0
[LOG] SystemI::createSoundInternal             : exinfo->fileuserdata       = 000001B11800BFD8
[LOG] SystemI::createSoundInternal             : exinfo->initialseekpostype = 1
[LOG] SystemI::DSPCodecPoolRegister            : register codec pool for pool type 5
[LOG] SystemI::createSoundInternal             : Sample 0/1: name='p5', format=5, channels=2, frequency=48000, lengthbytes=7264, lengthpcm=28029, pcmblocksize=0, loopstart=0, loopend=0, mode=0x00000000, channelmask=0x00000000, channelorder=0, peakvolume=0.782104.
[LOG] SystemI::createSoundInternal             : Create name='', mode=0x02000202
[LOG] SystemI::createSoundInternal             : exinfo->cbsize             = 224
[LOG] SystemI::createSoundInternal             : exinfo->length             = 2680800
[LOG] SystemI::createSoundInternal             : exinfo->fileoffset         = 19456
[LOG] SystemI::createSoundInternal             : exinfo->numsubsounds       = 1
[LOG] SystemI::createSoundInternal             : exinfo->inclusionlist      = 00000048917FF208
[LOG] SystemI::createSoundInternal             : exinfo->inclusionlistnum   = 1
[LOG] SystemI::createSoundInternal             : exinfo->suggestedsoundtype = 5
[LOG] SystemI::createSoundInternal             : exinfo->useropen           = 00007FFD169C7B10
[LOG] SystemI::createSoundInternal             : exinfo->userclose          = 00007FFD169C7AE0
[LOG] SystemI::createSoundInternal             : exinfo->userread           = 00007FFD169C7BE0
[LOG] SystemI::createSoundInternal             : exinfo->userseek           = 00007FFD169C7CA0
[LOG] SystemI::createSoundInternal             : exinfo->fileuserdata       = 000001B11800BFD8
[LOG] SystemI::createSoundInternal             : exinfo->initialseekpostype = 1
[LOG] SystemI::DSPCodecPoolRegister            : register codec pool for pool type 5
[LOG] SystemI::createSoundInternal             : Sample 0/1: name='p1', format=5, channels=2, frequency=48000, lengthbytes=8512, lengthpcm=34246, pcmblocksize=0, loopstart=0, loopend=0, mode=0x00000000, channelmask=0x00000000, channelorder=0, peakvolume=0.784302.
[LOG] SystemI::createSoundInternal             : Create name='', mode=0x02000202
[LOG] SystemI::createSoundInternal             : exinfo->cbsize             = 224
[LOG] SystemI::createSoundInternal             : exinfo->length             = 2680800
[LOG] SystemI::createSoundInternal             : exinfo->fileoffset         = 19456
[LOG] SystemI::createSoundInternal             : exinfo->numsubsounds       = 1
[LOG] SystemI::createSoundInternal             : exinfo->inclusionlist      = 00000048917FF208
[LOG] SystemI::createSoundInternal             : exinfo->inclusionlistnum   = 1
[LOG] SystemI::createSoundInternal             : exinfo->suggestedsoundtype = 5
[LOG] SystemI::createSoundInternal             : exinfo->useropen           = 00007FFD169C7B10
[LOG] SystemI::createSoundInternal             : exinfo->userclose          = 00007FFD169C7AE0
[LOG] SystemI::createSoundInternal             : exinfo->userread           = 00007FFD169C7BE0
[LOG] SystemI::createSoundInternal             : exinfo->userseek           = 00007FFD169C7CA0
[LOG] SystemI::createSoundInternal             : exinfo->fileuserdata       = 000001B11800BFD8
[LOG] SystemI::createSoundInternal             : exinfo->initialseekpostype = 1
[LOG] SystemI::DSPCodecPoolRegister            : register codec pool for pool type 5
[LOG] SystemI::createSoundInternal             : Sample 0/1: name='p2', format=5, channels=2, frequency=48000, lengthbytes=8640, lengthpcm=31442, pcmblocksize=0, loopstart=0, loopend=0, mode=0x00000000, channelmask=0x00000000, channelorder=0, peakvolume=0.736206.
[LOG] Manager::readBank                        : fileversion = 135, compatVersion = 132 (oldest = 44, newest = 135)
[LOG] SystemI::createSoundInternal             : Create name='', mode=0x02000202
[LOG] SystemI::createSoundInternal             : exinfo->cbsize             = 224
[LOG] SystemI::createSoundInternal             : exinfo->length             = 2680800
[LOG] SystemI::createSoundInternal             : exinfo->fileoffset         = 19456
[LOG] SystemI::createSoundInternal             : exinfo->numsubsounds       = 1
[LOG] SystemI::createSoundInternal             : exinfo->inclusionlist      = 00000048917FF208
[LOG] SystemI::createSoundInternal             : exinfo->inclusionlistnum   = 1
[LOG] SystemI::createSoundInternal             : exinfo->suggestedsoundtype = 5
[LOG] SystemI::createSoundInternal             : exinfo->useropen           = 00007FFD169C7B10
[LOG] SystemI::createSoundInternal             : exinfo->userclose          = 00007FFD169C7AE0
[LOG] SystemI::createSoundInternal             : exinfo->userread           = 00007FFD169C7BE0
[LOG] SystemI::createSoundInternal             : exinfo->userseek           = 00007FFD169C7CA0
[LOG] SystemI::createSoundInternal             : exinfo->fileuserdata       = 000001B0A97210B8
[LOG] SystemI::createSoundInternal             : exinfo->initialseekpostype = 1
[LOG] SystemI::DSPCodecPoolRegister            : register codec pool for pool type 5
[LOG] SystemI::createSoundInternal             : Sample 0/1: name='good', format=5, channels=2, frequency=48000, lengthbytes=21376, lengthpcm=84706, pcmblocksize=0, loopstart=0, loopend=0, mode=0x00000000, channelmask=0x00000000, channelorder=0, peakvolume=0.800964.
[LOG] Manager::readBank                        : fileversion = 135, compatVersion = 132 (oldest = 44, newest = 135)
[LOG] SystemI::createSoundInternal             : Create name='', mode=0x02000202
[LOG] SystemI::createSoundInternal             : exinfo->cbsize             = 224
[LOG] SystemI::createSoundInternal             : exinfo->length             = 2680800
[LOG] SystemI::createSoundInternal             : exinfo->fileoffset         = 19456
[LOG] SystemI::createSoundInternal             : exinfo->numsubsounds       = 1
[LOG] SystemI::createSoundInternal             : exinfo->inclusionlist      = 00000048917FF208
[LOG] SystemI::createSoundInternal             : exinfo->inclusionlistnum   = 1
[LOG] SystemI::createSoundInternal             : exinfo->suggestedsoundtype = 5
[LOG] SystemI::createSoundInternal             : exinfo->useropen           = 00007FFD169C7B10
[LOG] SystemI::createSoundInternal             : exinfo->userclose          = 00007FFD169C7AE0
[LOG] SystemI::createSoundInternal             : exinfo->userread           = 00007FFD169C7BE0
[LOG] SystemI::createSoundInternal             : exinfo->userseek           = 00007FFD169C7CA0
[LOG] SystemI::createSoundInternal             : exinfo->fileuserdata       = 000001B0A97214D8
[LOG] SystemI::createSoundInternal             : exinfo->initialseekpostype = 1
[LOG] SystemI::DSPCodecPoolRegister            : register codec pool for pool type 5
[LOG] SystemI::createSoundInternal             : Sample 0/1: name='sweet', format=5, channels=2, frequency=48000, lengthbytes=20320, lengthpcm=75789, pcmblocksize=0, loopstart=0, loopend=0, mode=0x00000000, channelmask=0x00000000, channelorder=0, peakvolume=0.891235.
[LOG] Manager::readBank                        : fileversion = 135, compatVersion = 132 (oldest = 44, newest = 135)
[LOG] SystemI::createSoundInternal             : Create name='', mode=0x02000202
[LOG] SystemI::createSoundInternal             : exinfo->cbsize             = 224
[LOG] SystemI::createSoundInternal             : exinfo->length             = 2680800
[LOG] SystemI::createSoundInternal             : exinfo->fileoffset         = 19456
[LOG] SystemI::createSoundInternal             : exinfo->numsubsounds       = 1
[LOG] SystemI::createSoundInternal             : exinfo->inclusionlist      = 00000048917FF208
[LOG] SystemI::createSoundInternal             : exinfo->inclusionlistnum   = 1
[LOG] SystemI::createSoundInternal             : exinfo->suggestedsoundtype = 5
[LOG] SystemI::createSoundInternal             : exinfo->useropen           = 00007FFD169C7B10
[LOG] SystemI::createSoundInternal             : exinfo->userclose          = 00007FFD169C7AE0
[LOG] SystemI::createSoundInternal             : exinfo->userread           = 00007FFD169C7BE0
[LOG] SystemI::createSoundInternal             : exinfo->userseek           = 00007FFD169C7CA0
[LOG] SystemI::createSoundInternal             : exinfo->fileuserdata       = 000001B11800B798
[LOG] SystemI::createSoundInternal             : exinfo->initialseekpostype = 1
[LOG] SystemI::DSPCodecPoolRegister            : register codec pool for pool type 5
[LOG] SystemI::createSoundInternal             : Sample 0/1: name='crazy', format=5, channels=2, frequency=48000, lengthbytes=25760, lengthpcm=98081, pcmblocksize=0, loopstart=0, loopend=0, mode=0x00000000, channelmask=0x00000000, channelorder=0, peakvolume=0.891174.
[LOG] SystemI::createSound                     : filename = Assets\synth\Build\Desktop/Gameplay.bank : mode 02010082
[LOG] SystemI::createSound                     : FMOD_NONBLOCKING specified.  Putting into queue to be opened asynchronously!
[LOG] SystemI::createSound                     : setdata soundi = 000001B12E7FB588 : node = 000001B110FA14B0
[LOG] SystemI::createSound                     : add node to async list : head = 000001B1578CC628.  list count = 0
[LOG] AsyncThread::threadFunc                  : Starting Asynchronous operation on sound 000001B12E7FB588
[LOG] SystemI::createSoundInternal             :     Create name='Assets\synth\Build\Desktop/Gameplay.bank', mode=0x02010082
[LOG] SystemI::createSoundInternal             :     exinfo->cbsize             = 224
[LOG] SystemI::createSoundInternal             :     exinfo->length             = 2680800
[LOG] SystemI::createSoundInternal             :     exinfo->fileoffset         = 19456
[LOG] SystemI::createSoundInternal             :     exinfo->numsubsounds       = 1
[LOG] SystemI::createSoundInternal             :     exinfo->inclusionlist      = 000001B110FA15C0
[LOG] SystemI::createSoundInternal             :     exinfo->inclusionlistnum   = 1
[LOG] SystemI::createSoundInternal             :     exinfo->suggestedsoundtype = 5
[LOG] SystemI::createSoundInternal             :     exinfo->initialseekposition = 7000
[LOG] SystemI::createSoundInternal             :     exinfo->initialseekpostype = 1
[LOG] SystemI::createSoundInternal             :     Stream 0/1: name='orchestra', format=5, channels=2, frequency=48000, lengthbytes=1382208, lengthpcm=4614269, pcmblocksize=0, loopstart=0, loopend=0, mode=0x00000000, channelmask=0x00000000, channelorder=0, peakvolume=0.999115.
[LOG] AsyncThread::threadFunc                  : Finished Asynchronous operation on sound 000001B12E7FB588
[LOG] SoundI::release                          : orchestra (000001B10CCDF4F8)
[LOG] SoundI::release                          :     orchestra (000001B0A6B24A58)
[LOG] SoundI::release                          :     orchestra (000001B10CCE6458)
[LOG] Manager::readBank                        : fileversion = 135, compatVersion = 132 (oldest = 44, newest = 135)
[LOG] SystemI::createSoundInternal             : Create name='', mode=0x02000202
[LOG] SystemI::createSoundInternal             : exinfo->cbsize             = 224
[LOG] SystemI::createSoundInternal             : exinfo->length             = 2680800
[LOG] SystemI::createSoundInternal             : exinfo->fileoffset         = 19456
[LOG] SystemI::createSoundInternal             : exinfo->numsubsounds       = 1
[LOG] SystemI::createSoundInternal             : exinfo->inclusionlist      = 00000048917FF208
[LOG] SystemI::createSoundInternal             : exinfo->inclusionlistnum   = 1
[LOG] SystemI::createSoundInternal             : exinfo->suggestedsoundtype = 5
[LOG] SystemI::createSoundInternal             : exinfo->useropen           = 00007FFD169C7B10
[LOG] SystemI::createSoundInternal             : exinfo->userclose          = 00007FFD169C7AE0
[LOG] SystemI::createSoundInternal             : exinfo->userread           = 00007FFD169C7BE0
[LOG] SystemI::createSoundInternal             : exinfo->userseek           = 00007FFD169C7CA0
[LOG] SystemI::createSoundInternal             : exinfo->fileuserdata       = 000001B11800BFD8
[LOG] SystemI::createSoundInternal             : exinfo->initialseekpostype = 1
[LOG] SystemI::DSPCodecPoolRegister            : register codec pool for pool type 5
[LOG] SystemI::createSoundInternal             : Sample 0/1: name='brutal', format=5, channels=2, frequency=48000, lengthbytes=20864, lengthpcm=82477, pcmblocksize=0, loopstart=0, loopend=0, mode=0x00000000, channelmask=0x00000000, channelorder=0, peakvolume=0.891144.
[LOG] SystemI::createSoundInternal             : Create name='', mode=0x02000202
[LOG] SystemI::createSoundInternal             : exinfo->cbsize             = 224
[LOG] SystemI::createSoundInternal             : exinfo->length             = 2680800
[LOG] SystemI::createSoundInternal             : exinfo->fileoffset         = 19456
[LOG] SystemI::createSoundInternal             : exinfo->numsubsounds       = 1
[LOG] SystemI::createSoundInternal             : exinfo->inclusionlist      = 00000048917FF208
[LOG] SystemI::createSoundInternal             : exinfo->inclusionlistnum   = 1
[LOG] SystemI::createSoundInternal             : exinfo->suggestedsoundtype = 5
[LOG] SystemI::createSoundInternal             : exinfo->useropen           = 00007FFD169C7B10
[LOG] SystemI::createSoundInternal             : exinfo->userclose          = 00007FFD169C7AE0
[LOG] SystemI::createSoundInternal             : exinfo->userread           = 00007FFD169C7BE0
[LOG] SystemI::createSoundInternal             : exinfo->userseek           = 00007FFD169C7CA0
[LOG] SystemI::createSoundInternal             : exinfo->fileuserdata       = 000001B11800BBB8
[LOG] SystemI::createSoundInternal             : exinfo->initialseekpostype = 1
[LOG] SystemI::DSPCodecPoolRegister            : register codec pool for pool type 5
[LOG] SystemI::createSoundInternal             : Sample 0/1: name='second_stage', format=5, channels=2, frequency=48000, lengthbytes=26432, lengthpcm=97523, pcmblocksize=0, loopstart=0, loopend=0, mode=0x00000000, channelmask=0x00000000, channelorder=0, peakvolume=0.891113.
[LOG] Manager::readBank                        : fileversion = 135, compatVersion = 132 (oldest = 44, newest = 135)
[LOG] Manager::readBank                        : fileversion = 135, compatVersion = 132 (oldest = 44, newest = 135)
[LOG] SystemI::createSoundInternal             : Create name='', mode=0x02000202
[LOG] SystemI::createSoundInternal             : exinfo->cbsize             = 224
[LOG] SystemI::createSoundInternal             : exinfo->length             = 2680800
[LOG] SystemI::createSoundInternal             : exinfo->fileoffset         = 19456
[LOG] SystemI::createSoundInternal             : exinfo->numsubsounds       = 1
[LOG] SystemI::createSoundInternal             : exinfo->inclusionlist      = 00000048917FF208
[LOG] SystemI::createSoundInternal             : exinfo->inclusionlistnum   = 1
[LOG] SystemI::createSoundInternal             : exinfo->suggestedsoundtype = 5
[LOG] SystemI::createSoundInternal             : exinfo->useropen           = 00007FFD169C7B10
[LOG] SystemI::createSoundInternal             : exinfo->userclose          = 00007FFD169C7AE0
[LOG] SystemI::createSoundInternal             : exinfo->userread           = 00007FFD169C7BE0
[LOG] SystemI::createSoundInternal             : exinfo->userseek           = 00007FFD169C7CA0
[LOG] SystemI::createSoundInternal             : exinfo->fileuserdata       = 000001B0A9721B08
[LOG] SystemI::createSoundInternal             : exinfo->initialseekpostype = 1
[LOG] SystemI::DSPCodecPoolRegister            : register codec pool for pool type 5
[LOG] SystemI::createSoundInternal             : Sample 0/1: name='savage', format=5, channels=2, frequency=48000, lengthbytes=16832, lengthpcm=62415, pcmblocksize=0, loopstart=0, loopend=0, mode=0x00000000, channelmask=0x00000000, channelorder=0, peakvolume=0.891235.
[LOG] Manager::readBank                        : fileversion = 135, compatVersion = 132 (oldest = 44, newest = 135)
[LOG] SystemI::createSoundInternal             : Create name='', mode=0x02000202
[LOG] SystemI::createSoundInternal             : exinfo->cbsize             = 224
[LOG] SystemI::createSoundInternal             : exinfo->length             = 2680800
[LOG] SystemI::createSoundInternal             : exinfo->fileoffset         = 19456
[LOG] SystemI::createSoundInternal             : exinfo->numsubsounds       = 1
[LOG] SystemI::createSoundInternal             : exinfo->inclusionlist      = 00000048917FF208
[LOG] SystemI::createSoundInternal             : exinfo->inclusionlistnum   = 1
[LOG] SystemI::createSoundInternal             : exinfo->suggestedsoundtype = 5
[LOG] SystemI::createSoundInternal             : exinfo->useropen           = 00007FFD169C7B10
[LOG] SystemI::createSoundInternal             : exinfo->userclose          = 00007FFD169C7AE0
[LOG] SystemI::createSoundInternal             : exinfo->userread           = 00007FFD169C7BE0
[LOG] SystemI::createSoundInternal             : exinfo->userseek           = 00007FFD169C7CA0
[LOG] SystemI::createSoundInternal             : exinfo->fileuserdata       = 000001B0A9720EA8
[LOG] SystemI::createSoundInternal             : exinfo->initialseekpostype = 1
[LOG] SystemI::DSPCodecPoolRegister            : register codec pool for pool type 5
[LOG] SystemI::createSoundInternal             : Sample 0/1: name='stylish', format=5, channels=2, frequency=48000, lengthbytes=31040, lengthpcm=115914, pcmblocksize=0, loopstart=0, loopend=0, mode=0x00000000, channelmask=0x00000000, channelorder=0, peakvolume=0.891144.
[LOG] SystemI::createSound                     : filename = Assets\synth\Build\Desktop/Gameplay.bank : mode 02010082
[LOG] SystemI::createSound                     : FMOD_NONBLOCKING specified.  Putting into queue to be opened asynchronously!
[LOG] SystemI::createSound                     : setdata soundi = 000001B12E7FDAA8 : node = 000001B110FA1370
[LOG] SystemI::createSound                     : add node to async list : head = 000001B1578CC628.  list count = 0
[LOG] AsyncThread::threadFunc                  : Starting Asynchronous operation on sound 000001B12E7FDAA8
[LOG] SystemI::createSoundInternal             :     Create name='Assets\synth\Build\Desktop/Gameplay.bank', mode=0x02010082
[LOG] SystemI::createSoundInternal             :     exinfo->cbsize             = 224
[LOG] SystemI::createSoundInternal             :     exinfo->length             = 2680800
[LOG] SystemI::createSoundInternal             :     exinfo->fileoffset         = 19456
[LOG] SystemI::createSoundInternal             :     exinfo->numsubsounds       = 1
[LOG] SystemI::createSoundInternal             :     exinfo->inclusionlist      = 000001B110FA1480
[LOG] SystemI::createSoundInternal             :     exinfo->inclusionlistnum   = 1
[LOG] SystemI::createSoundInternal             :     exinfo->suggestedsoundtype = 5
[LOG] SystemI::createSoundInternal             :     exinfo->initialseekposition = 67300
[LOG] SystemI::createSoundInternal             :     exinfo->initialseekpostype = 1
[LOG] SystemI::createSoundInternal             :     Stream 0/1: name='orchestra', format=5, channels=2, frequency=48000, lengthbytes=1382208, lengthpcm=4614269, pcmblocksize=0, loopstart=0, loopend=0, mode=0x00000000, channelmask=0x00000000, channelorder=0, peakvolume=0.999115.
[LOG] AsyncThread::threadFunc                  : Finished Asynchronous operation on sound 000001B12E7FDAA8
[LOG] SoundI::release                          : orchestra (000001B12E7FB588)
[LOG] SoundI::release                          :     orchestra (000001B0A6B24098)
[LOG] SoundI::release                          :     orchestra (000001B12E801768)
[LOG] SystemI::createSoundInternal             : Create name='', mode=0x02000202
[LOG] SystemI::createSoundInternal             : exinfo->cbsize             = 224
[LOG] SystemI::createSoundInternal             : exinfo->length             = 2680800
[LOG] SystemI::createSoundInternal             : exinfo->fileoffset         = 19456
[LOG] SystemI::createSoundInternal             : exinfo->numsubsounds       = 1
[LOG] SystemI::createSoundInternal             : exinfo->inclusionlist      = 00000048917FF208
[LOG] SystemI::createSoundInternal             : exinfo->inclusionlistnum   = 1
[LOG] SystemI::createSoundInternal             : exinfo->suggestedsoundtype = 5
[LOG] SystemI::createSoundInternal             : exinfo->useropen           = 00007FFD169C7B10
[LOG] SystemI::createSoundInternal             : exinfo->userclose          = 00007FFD169C7AE0
[LOG] SystemI::createSoundInternal             : exinfo->userread           = 00007FFD169C7BE0
[LOG] SystemI::createSoundInternal             : exinfo->userseek           = 00007FFD169C7CA0
[LOG] SystemI::createSoundInternal             : exinfo->fileuserdata       = 000001B0A97216E8
[LOG] SystemI::createSoundInternal             : exinfo->initialseekpostype = 1
[LOG] SystemI::DSPCodecPoolRegister            : register codec pool for pool type 5
[LOG] SystemI::createSoundInternal             : Sample 0/1: name='apocalyptic', format=5, channels=2, frequency=48000, lengthbytes=31232, lengthpcm=120372, pcmblocksize=0, loopstart=0, loopend=0, mode=0x00000000, channelmask=0x00000000, channelorder=0, peakvolume=0.891113.
[LOG] Manager::readBank                        : fileversion = 135, compatVersion = 132 (oldest = 44, newest = 135)
[LOG] SoundI::release                          :  (000001B10F5BCF08)
[LOG] SoundI::release                          :     first_stage (000001B12ED44348)
[LOG] Manager::readBank                        : fileversion = 135, compatVersion = 132 (oldest = 44, newest = 135)
[LOG] Manager::readBank                        : fileversion = 135, compatVersion = 132 (oldest = 44, newest = 135)
[LOG] SystemI::createSoundInternal             : Create name='', mode=0x02000202
[LOG] SystemI::createSoundInternal             : exinfo->cbsize             = 224
[LOG] SystemI::createSoundInternal             : exinfo->length             = 2680800
[LOG] SystemI::createSoundInternal             : exinfo->fileoffset         = 19456
[LOG] SystemI::createSoundInternal             : exinfo->numsubsounds       = 1
[LOG] SystemI::createSoundInternal             : exinfo->inclusionlist      = 00000048917FF208
[LOG] SystemI::createSoundInternal             : exinfo->inclusionlistnum   = 1
[LOG] SystemI::createSoundInternal             : exinfo->suggestedsoundtype = 5
[LOG] SystemI::createSoundInternal             : exinfo->useropen           = 00007FFD169C7B10
[LOG] SystemI::createSoundInternal             : exinfo->userclose          = 00007FFD169C7AE0
[LOG] SystemI::createSoundInternal             : exinfo->userread           = 00007FFD169C7BE0
[LOG] SystemI::createSoundInternal             : exinfo->userseek           = 00007FFD169C7CA0
[LOG] SystemI::createSoundInternal             : exinfo->fileuserdata       = 000001B11800B9A8
[LOG] SystemI::createSoundInternal             : exinfo->initialseekpostype = 1
[LOG] SystemI::DSPCodecPoolRegister            : register codec pool for pool type 5
[LOG] SystemI::createSoundInternal             : Sample 0/1: name='last_stage', format=5, channels=2, frequency=48000, lengthbytes=33472, lengthpcm=128731, pcmblocksize=0, loopstart=0, loopend=0, mode=0x00000000, channelmask=0x00000000, channelorder=0, peakvolume=0.891235.
[LOG] SoundI::release                          :  (000001B10C716B48)
[LOG] SoundI::release                          :     good (000001B11314D228)
[LOG] Manager::readBank                        : fileversion = 135, compatVersion = 132 (oldest = 44, newest = 135)
[LOG] Manager::readBank                        : fileversion = 135, compatVersion = 132 (oldest = 44, newest = 135)
[LOG] SystemI::createSound                     : filename = Assets\synth\Build\Desktop/Gameplay.bank : mode 02010082
[LOG] SystemI::createSound                     : FMOD_NONBLOCKING specified.  Putting into queue to be opened asynchronously!
[LOG] SystemI::createSound                     : setdata soundi = 000001B12E7FE318 : node = 000001B110FA14B0
[LOG] SystemI::createSound                     : add node to async list : head = 000001B1578CC628.  list count = 0
[LOG] AsyncThread::threadFunc                  : Starting Asynchronous operation on sound 000001B12E7FE318
[LOG] SystemI::createSoundInternal             :     Create name='Assets\synth\Build\Desktop/Gameplay.bank', mode=0x02010082
[LOG] SystemI::createSoundInternal             :     exinfo->cbsize             = 224
[LOG] SystemI::createSoundInternal             :     exinfo->length             = 2680800
[LOG] SystemI::createSoundInternal             :     exinfo->fileoffset         = 19456
[LOG] SystemI::createSoundInternal             :     exinfo->numsubsounds       = 1
[LOG] SystemI::createSoundInternal             :     exinfo->inclusionlist      = 000001B110FA15C0
[LOG] SystemI::createSoundInternal             :     exinfo->inclusionlistnum   = 1
[LOG] SystemI::createSoundInternal             :     exinfo->suggestedsoundtype = 5
[LOG] SystemI::createSoundInternal             :     exinfo->initialseekpostype = 1
[LOG] SystemI::createSoundInternal             :     Stream 0/1: name='epic', format=5, channels=2, frequency=48000, lengthbytes=866112, lengthpcm=3205600, pcmblocksize=0, loopstart=0, loopend=0, mode=0x00000000, channelmask=0x00000000, channelorder=0, peakvolume=0.999878.
[LOG] AsyncThread::threadFunc                  : Finished Asynchronous operation on sound 000001B12E7FE318
[LOG] Manager::readBank                        : fileversion = 135, compatVersion = 132 (oldest = 44, newest = 135)
[LOG] SoundI::release                          : orchestra (000001B12E7FDAA8)
[LOG] SoundI::release                          :     orchestra (000001B0A6B248B8)
[LOG] SoundI::release                          :     orchestra (000001B12E7FE168)
[LOG] Manager::readBank                        : fileversion = 135, compatVersion = 132 (oldest = 44, newest = 135)
[LOG] Manager::readBank                        : fileversion = 135, compatVersion = 132 (oldest = 44, newest = 135)
[LOG] SystemI::createSoundInternal             : Create name='', mode=0x02000202
[LOG] SystemI::createSoundInternal             : exinfo->cbsize             = 224
[LOG] SystemI::createSoundInternal             : exinfo->length             = 2680800
[LOG] SystemI::createSoundInternal             : exinfo->fileoffset         = 19456
[LOG] SystemI::createSoundInternal             : exinfo->numsubsounds       = 1
[LOG] SystemI::createSoundInternal             : exinfo->inclusionlist      = 00000048917FF208
[LOG] SystemI::createSoundInternal             : exinfo->inclusionlistnum   = 1
[LOG] SystemI::createSoundInternal             : exinfo->suggestedsoundtype = 5
[LOG] SystemI::createSoundInternal             : exinfo->useropen           = 00007FFD169C7B10
[LOG] SystemI::createSoundInternal             : exinfo->userclose          = 00007FFD169C7AE0
[LOG] SystemI::createSoundInternal             : exinfo->userread           = 00007FFD169C7BE0
[LOG] SystemI::createSoundInternal             : exinfo->userseek           = 00007FFD169C7CA0
[LOG] SystemI::createSoundInternal             : exinfo->fileuserdata       = 000001B0A97216E8
[LOG] SystemI::createSoundInternal             : exinfo->initialseekpostype = 1
[LOG] SystemI::DSPCodecPoolRegister            : register codec pool for pool type 5
[LOG] SystemI::createSoundInternal             : Sample 0/1: name='good', format=5, channels=2, frequency=48000, lengthbytes=21376, lengthpcm=84706, pcmblocksize=0, loopstart=0, loopend=0, mode=0x00000000, channelmask=0x00000000, channelorder=0, peakvolume=0.800964.
[LOG] Manager::readBank                        : fileversion = 135, compatVersion = 132 (oldest = 44, newest = 135)
[LOG] SoundI::release                          :  (000001B1116B3658)
[LOG] SoundI::release                          :     crazy (000001B0A96FA408)
[LOG] SystemI::createSoundInternal             : Create name='', mode=0x02000202
[LOG] SystemI::createSoundInternal             : exinfo->cbsize             = 224
[LOG] SystemI::createSoundInternal             : exinfo->length             = 2680800
[LOG] SystemI::createSoundInternal             : exinfo->fileoffset         = 19456
[LOG] SystemI::createSoundInternal             : exinfo->numsubsounds       = 1
[LOG] SystemI::createSoundInternal             : exinfo->inclusionlist      = 00000048917FF208
[LOG] SystemI::createSoundInternal             : exinfo->inclusionlistnum   = 1
[LOG] SystemI::createSoundInternal             : exinfo->suggestedsoundtype = 5
[LOG] SystemI::createSoundInternal             : exinfo->useropen           = 00007FFD169C7B10
[LOG] SystemI::createSoundInternal             : exinfo->userclose          = 00007FFD169C7AE0
[LOG] SystemI::createSoundInternal             : exinfo->userread           = 00007FFD169C7BE0
[LOG] SystemI::createSoundInternal             : exinfo->userseek           = 00007FFD169C7CA0
[LOG] SystemI::createSoundInternal             : exinfo->fileuserdata       = 000001B118780E88
[LOG] SystemI::createSoundInternal             : exinfo->initialseekpostype = 1
[LOG] SystemI::DSPCodecPoolRegister            : register codec pool for pool type 5
[LOG] SystemI::createSoundInternal             : Sample 0/1: name='crazy', format=5, channels=2, frequency=48000, lengthbytes=25760, lengthpcm=98081, pcmblocksize=0, loopstart=0, loopend=0, mode=0x00000000, channelmask=0x00000000, channelorder=0, peakvolume=0.891174.
[LOG] Manager::readBank                        : fileversion = 135, compatVersion = 132 (oldest = 44, newest = 135)
[LOG] SystemI::createSoundInternal             : Create name='', mode=0x02000202
[LOG] SystemI::createSoundInternal             : exinfo->cbsize             = 224
[LOG] SystemI::createSoundInternal             : exinfo->length             = 2680800
[LOG] SystemI::createSoundInternal             : exinfo->fileoffset         = 19456
[LOG] SystemI::createSoundInternal             : exinfo->numsubsounds       = 1
[LOG] SystemI::createSoundInternal             : exinfo->inclusionlist      = 00000048917FF208
[LOG] SystemI::createSoundInternal             : exinfo->inclusionlistnum   = 1
[LOG] SystemI::createSoundInternal             : exinfo->suggestedsoundtype = 5
[LOG] SystemI::createSoundInternal             : exinfo->useropen           = 00007FFD169C7B10
[LOG] SystemI::createSoundInternal             : exinfo->userclose          = 00007FFD169C7AE0
[LOG] SystemI::createSoundInternal             : exinfo->userread           = 00007FFD169C7BE0
[LOG] SystemI::createSoundInternal             : exinfo->userseek           = 00007FFD169C7CA0
[LOG] SystemI::createSoundInternal             : exinfo->fileuserdata       = 000001B118784848
[LOG] SystemI::createSoundInternal             : exinfo->initialseekpostype = 1
[LOG] SystemI::DSPCodecPoolRegister            : register codec pool for pool type 5
[LOG] SystemI::createSoundInternal             : Sample 0/1: name='you_win', format=5, channels=2, frequency=48000, lengthbytes=26720, lengthpcm=104768, pcmblocksize=0, loopstart=0, loopend=0, mode=0x00000000, channelmask=0x00000000, channelorder=0, peakvolume=0.745758.
[LOG] SoundI::release                          :  (000001B1116B3208)
[LOG] SoundI::release                          :     second_stage (000001B0A96FA8E8)
[LOG] SoundI::release                          :  (000001B110DAA9F8)
[LOG] SoundI::release                          :     stylish (000001B11314D8A8)
[LOG] Manager::readBank                        : fileversion = 135, compatVersion = 132 (oldest = 44, newest = 135)
[LOG] Manager::readBank                        : fileversion = 135, compatVersion = 132 (oldest = 44, newest = 135)
[LOG] SystemI::createSound                     : filename = Assets\synth\Build\Desktop/Menu.bank : mode 02010082
[LOG] SystemI::createSound                     : FMOD_NONBLOCKING specified.  Putting into queue to be opened asynchronously!
[LOG] SystemI::createSound                     : setdata soundi = 000001B12E801258 : node = 000001B10CE59870
[LOG] SystemI::createSound                     : add node to async list : head = 000001B1578CC628.  list count = 0
[LOG] AsyncThread::threadFunc                  : Starting Asynchronous operation on sound 000001B12E801258
[LOG] SystemI::createSoundInternal             :     Create name='Assets\synth\Build\Desktop/Menu.bank', mode=0x02010082
[LOG] SystemI::createSoundInternal             :     exinfo->cbsize             = 224
[LOG] SystemI::createSoundInternal             :     exinfo->length             = 369600
[LOG] SystemI::createSoundInternal             :     exinfo->fileoffset         = 3456
[LOG] SystemI::createSoundInternal             :     exinfo->numsubsounds       = 1
[LOG] SystemI::createSoundInternal             :     exinfo->inclusionlist      = 000001B10CE59980
[LOG] SystemI::createSoundInternal             :     exinfo->inclusionlistnum   = 1
[LOG] SystemI::createSoundInternal             :     exinfo->suggestedsoundtype = 5
[LOG] SystemI::createSoundInternal             :     exinfo->initialseekpostype = 1
[LOG] SystemI::createSoundInternal             :     Stream 0/1: name='calm', format=5, channels=2, frequency=48000, lengthbytes=327776, lengthpcm=1501714, pcmblocksize=0, loopstart=0, loopend=0, mode=0x00000000, channelmask=0x00000000, channelorder=0, peakvolume=1.000000.
[LOG] AsyncThread::threadFunc                  : Finished Asynchronous operation on sound 000001B12E801258
[LOG] SoundI::release                          : epic (000001B12E7FE318)
[LOG] SoundI::release                          :     epic (000001B0A6B24098)
[LOG] SoundI::release                          :     epic (000001B12E7FE678)
[LOG] SystemI::createSoundInternal             : Create name='', mode=0x02000202
[LOG] SystemI::createSoundInternal             : exinfo->cbsize             = 224
[LOG] SystemI::createSoundInternal             : exinfo->length             = 2680800
[LOG] SystemI::createSoundInternal             : exinfo->fileoffset         = 19456
[LOG] SystemI::createSoundInternal             : exinfo->numsubsounds       = 1
[LOG] SystemI::createSoundInternal             : exinfo->inclusionlist      = 00000048917FF208
[LOG] SystemI::createSoundInternal             : exinfo->inclusionlistnum   = 1
[LOG] SystemI::createSoundInternal             : exinfo->suggestedsoundtype = 5
[LOG] SystemI::createSoundInternal             : exinfo->useropen           = 00007FFD169C7B10
[LOG] SystemI::createSoundInternal             : exinfo->userclose          = 00007FFD169C7AE0
[LOG] SystemI::createSoundInternal             : exinfo->userread           = 00007FFD169C7BE0
[LOG] SystemI::createSoundInternal             : exinfo->userseek           = 00007FFD169C7CA0
[LOG] SystemI::createSoundInternal             : exinfo->fileuserdata       = 000001B11800BDC8
[LOG] SystemI::createSoundInternal             : exinfo->initialseekpostype = 1
[LOG] SystemI::DSPCodecPoolRegister            : register codec pool for pool type 5
[LOG] SystemI::createSoundInternal             : Sample 0/1: name='press_enter', format=5, channels=2, frequency=48000, lengthbytes=37792, lengthpcm=143777, pcmblocksize=0, loopstart=0, loopend=0, mode=0x00000000, channelmask=0x00000000, channelorder=0, peakvolume=0.891266.
[LOG] Manager::readBank                        : fileversion = 135, compatVersion = 132 (oldest = 44, newest = 135)
[LOG] SoundI::release                          :  (000001B110DAB298)
[LOG] SoundI::release                          :     apocalyptic (000001B11314DA48)
[LOG] SoundI::release                          : calm (000001B12E801258)
[LOG] SoundI::release                          :     calm (000001B0A6B23EF8)
[LOG] SoundI::release                          :     calm (000001B12E7FBC48)
[LOG] SoundI::release                          :  (000001B10F5BCF08)
[LOG] SoundI::release                          :     last_stage (000001B0A96FAA88)
[LOG] SoundI::release                          :  (000001B110DAAE48)
[LOG] SoundI::release                          :     good (000001B11314DBE8)
[LOG] SoundI::release                          :  (000001B110DAA888)
[LOG] SoundI::release                          :     sweet (000001B11314D3C8)
[LOG] SoundI::release                          :  (000001B157707A88)
[LOG] SoundI::release                          :     crazy (000001B0A79718E8)
[LOG] SoundI::release                          :  (000001B1116B3098)
[LOG] SoundI::release                          :     brutal (000001B0A96FA748)
[LOG] SoundI::release                          :  (000001B10F5BCD98)
[LOG] SoundI::release                          :     p1 (000001B0A96FA5A8)
[LOG] SoundI::release                          :  (000001B1116B34E8)
[LOG] SoundI::release                          :     p2 (000001B0A96FAF68)
[LOG] SoundI::release                          :  (000001B10F5BC7D8)
[LOG] SoundI::release                          :     p3 (000001B0A96FAC28)
[LOG] SoundI::release                          :  (000001B10F5BD078)
[LOG] SoundI::release                          :     p4 (000001B12ED43E68)
[LOG] SoundI::release                          :  (000001B10F5BCC28)
[LOG] SoundI::release                          :     p5 (000001B0A96FA268)
[LOG] SoundI::release                          :  (000001B10F5BC948)
[LOG] SoundI::release                          :     p6 (000001B0A96FADC8)
[LOG] SoundI::release                          :  (000001B10F5BC668)
[LOG] SoundI::release                          :     p7 (000001B12ED441A8)
[LOG] SoundI::release                          :  (000001B10F5BC4F8)
[LOG] SoundI::release                          :     p8 (000001B12ED44008)
[LOG] SoundI::release                          :  (000001B110DAACD8)
[LOG] SoundI::release                          :     savage (000001B11314D568)
[LOG] SoundI::release                          :  (000001B157707078)
[LOG] SoundI::release                          :     you_win (000001B0A7971A88)
[LOG] SoundI::release                          :  (000001B1116B3208)
[LOG] SoundI::release                          :     press_enter (000001B0A96FA8E8)
[LOG] Thread::callback                         : FMOD Studio update thread finished.
[LOG] Thread::callback                         : FMOD Studio bank load thread finished.
[LOG] Profile::disconnectAll                   : Profiler disconnecting all clients
[LOG] Thread::callback                         : FMOD Studio sample load thread finished.
[LOG] LiveUpdate::release                      : 
[LOG] LiveUpdate::reset                        : Reset connection (reason Disconnected)
[LOG] Thread::callback                         : FMOD stream thread finished.
[LOG] Thread::callback                         : FMOD mixer thread finished.
[LOG] Profile::disconnectAll                   : Profiler disconnecting all clients
[LOG] SystemI::close                           : Closed.
[LOG] Manager::readBank                        : fileversion = 135, compatVersion = 132 (oldest = 44, newest = 135)
[LOG] Manager::readBank                        : fileversion = 135, compatVersion = 132 (oldest = 44, newest = 135)
[LOG] Manager::readBank                        : fileversion = 135, compatVersion = 132 (oldest = 44, newest = 135)
[LOG] Manager::readBank                        : fileversion = 135, compatVersion = 132 (oldest = 44, newest = 135)
[LOG] Manager::readBank                        : fileversion = 135, compatVersion = 132 (oldest = 44, newest = 135)
[LOG] Manager::readBank                        : fileversion = 135, compatVersion = 132 (oldest = 44, newest = 135)
[LOG] Manager::readBank                        : fileversion = 135, compatVersion = 132 (oldest = 44, newest = 135)
[LOG] PlaybackSystem::acquireMasterBus         : Setting master channel group format to 6
[LOG] Manager::readBank                        : fileversion = 135, compatVersion = 132 (oldest = 44, newest = 135)
